[2025-09-21 20:14:18] [INFO] Connessione al database stabilita con successo
[2025-09-21 20:14:18] [ERROR] Errore nella preparazione dello statement: SQLSTATE[42000]: Syntax error or access violation: 1064 You have an error in your SQL syntax; check the manual that corresponds to your MariaDB server version for the right syntax to use near 'current_time' at line 1
[2025-09-21 20:14:18] [ERROR] Errore nell'esecuzione della query: Errore durante la preparazione della query
[2025-09-21 20:14:18] [ERROR] Errore nella preparazione dello statement: SQLSTATE[42S02]: Base table or view not found: 1146 Table 'collabora.tabella_inesistente_12345' doesn't exist
[2025-09-21 20:14:18] [ERROR] Errore nell'esecuzione della query: Errore durante la preparazione della query
[2025-09-21 20:14:46] [INFO] Connessione al database stabilita con successo
[2025-09-21 20:14:46] [ERROR] Errore nella preparazione dello statement: SQLSTATE[42000]: Syntax error or access violation: 1064 You have an error in your SQL syntax; check the manual that corresponds to your MariaDB server version for the right syntax to use near 'current_time' at line 1
[2025-09-21 20:14:46] [ERROR] Errore nell'esecuzione della query: Errore durante la preparazione della query
[2025-09-21 20:14:46] [ERROR] Errore nella preparazione dello statement: SQLSTATE[42S02]: Base table or view not found: 1146 Table 'collabora.tabella_inesistente_12345' doesn't exist
[2025-09-21 20:14:46] [ERROR] Errore nell'esecuzione della query: Errore durante la preparazione della query
[2025-09-21 20:15:04] [INFO] Connessione al database stabilita con successo
[2025-09-21 20:15:04] [ERROR] Errore nella preparazione dello statement: SQLSTATE[42000]: Syntax error or access violation: 1064 You have an error in your SQL syntax; check the manual that corresponds to your MariaDB server version for the right syntax to use near 'current_time' at line 1
[2025-09-21 20:15:04] [ERROR] Errore nell'esecuzione della query: Errore durante la preparazione della query
[2025-09-21 20:15:04] [ERROR] Errore nella preparazione dello statement: SQLSTATE[42S02]: Base table or view not found: 1146 Table 'collabora.tabella_inesistente_12345' doesn't exist
[2025-09-21 20:15:04] [ERROR] Errore nell'esecuzione della query: Errore durante la preparazione della query
[2025-09-21 20:15:11] [INFO] Connessione al database stabilita con successo
[2025-09-21 20:15:11] [ERROR] Errore nella preparazione dello statement: SQLSTATE[42000]: Syntax error or access violation: 1064 You have an error in your SQL syntax; check the manual that corresponds to your MariaDB server version for the right syntax to use near 'current_time' at line 1
[2025-09-21 20:15:11] [ERROR] Errore nell'esecuzione della query: Errore durante la preparazione della query
[2025-09-21 20:15:11] [ERROR] Errore nella preparazione dello statement: SQLSTATE[42S02]: Base table or view not found: 1146 Table 'collabora.tabella_inesistente_12345' doesn't exist
[2025-09-21 20:15:11] [ERROR] Errore nell'esecuzione della query: Errore durante la preparazione della query
[2025-09-21 20:15:31] [INFO] Connessione al database stabilita con successo
[2025-09-21 20:15:31] [ERROR] Errore nella preparazione dello statement: SQLSTATE[42000]: Syntax error or access violation: 1064 You have an error in your SQL syntax; check the manual that corresponds to your MariaDB server version for the right syntax to use near 'current_time' at line 1
[2025-09-21 20:15:31] [ERROR] Errore nell'esecuzione della query: Errore durante la preparazione della query
[2025-09-21 20:15:31] [ERROR] Errore nella preparazione dello statement: SQLSTATE[42S02]: Base table or view not found: 1146 Table 'collabora.tabella_inesistente_12345' doesn't exist
[2025-09-21 20:15:31] [ERROR] Errore nell'esecuzione della query: Errore durante la preparazione della query
[2025-09-21 20:15:56] [INFO] Connessione al database stabilita con successo
[2025-09-21 20:15:56] [ERROR] Errore nella preparazione dello statement: SQLSTATE[42S02]: Base table or view not found: 1146 Table 'collabora.tabella_inesistente_12345' doesn't exist
[2025-09-21 20:15:56] [ERROR] Errore nell'esecuzione della query: Errore durante la preparazione della query
[2025-09-22 06:11:48] [INFO] Connessione al database stabilita con successo
[2025-09-22 06:11:48] [DEBUG] Query eseguita: SELECT 1 as test
[2025-09-22 06:11:48] [DEBUG] Query eseguita: SHOW TABLES
[2025-09-22 06:11:48] [DEBUG] Transazione iniziata
[2025-09-22 06:11:48] [DEBUG] Transazione annullata
[2025-09-22 06:11:48] [DEBUG] Query eseguita: SHOW TABLES LIKE 'users'
[2025-09-22 06:11:48] [DEBUG] Query eseguita: SELECT COUNT(*) as total FROM `users`
[2025-09-22 06:11:48] [DEBUG] Query eseguita: SELECT COUNT(*) as total FROM `users` WHERE `id` = :id
[2025-09-22 06:11:48] [DEBUG] Query eseguita: SELECT :param1 as test1, :param2 as test2
[2025-09-22 06:11:48] [ERROR] Errore query: SQLSTATE[42S02]: Base table or view not found: 1146 Table 'collabora.tabella_inesistente' doesn't exist - SQL: SELECT * FROM tabella_inesistente
[2025-09-22 15:08:19] [INFO] Connessione al database stabilita con successo
[2025-09-22 15:08:51] [INFO] Connessione al database stabilita con successo
[2025-09-22 19:03:30] [INFO] Connessione al database stabilita con successo
[2025-09-22 19:10:24] [INFO] Connessione al database stabilita con successo
[2025-09-22 19:17:28] [INFO] Connessione al database stabilita con successo
[2025-09-22 19:24:58] [INFO] Connessione al database stabilita con successo
[2025-09-22 19:25:00] [INFO] Connessione al database stabilita con successo
[2025-09-22 19:31:52] [INFO] Connessione al database stabilita con successo
[2025-09-22 19:31:53] [INFO] Connessione al database stabilita con successo
[2025-09-22 19:31:54] [INFO] Connessione al database stabilita con successo
[2025-09-22 20:53:02] [INFO] Connessione al database stabilita con successo
[2025-09-22 20:53:06] [INFO] Connessione al database stabilita con successo
[2025-09-22 20:53:06] [INFO] Connessione al database stabilita con successo
[2025-09-22 20:53:06] [INFO] Connessione al database stabilita con successo
[2025-09-22 20:53:06] [INFO] Connessione al database stabilita con successo
[2025-09-22 20:53:06] [INFO] Connessione al database stabilita con successo
[2025-09-22 20:53:06] [INFO] Connessione al database stabilita con successo
[2025-09-22 20:53:06] [INFO] Connessione al database stabilita con successo
[2025-09-22 20:53:06] [INFO] Connessione al database stabilita con successo
[2025-09-22 20:53:06] [INFO] Connessione al database stabilita con successo
[2025-09-22 20:53:06] [INFO] Connessione al database stabilita con successo
[2025-09-22 20:53:06] [INFO] Connessione al database stabilita con successo
[2025-09-22 20:53:06] [INFO] Connessione al database stabilita con successo
[2025-09-22 20:53:06] [INFO] Connessione al database stabilita con successo
[2025-09-22 20:53:06] [INFO] Connessione al database stabilita con successo
[2025-09-22 20:53:06] [INFO] Connessione al database stabilita con successo
[2025-09-22 20:53:07] [INFO] Connessione al database stabilita con successo
[2025-09-22 20:53:07] [INFO] Connessione al database stabilita con successo
[2025-09-22 20:53:07] [INFO] Connessione al database stabilita con successo
[2025-09-22 20:53:07] [INFO] Connessione al database stabilita con successo
[2025-09-22 20:53:07] [INFO] Connessione al database stabilita con successo
[2025-09-22 20:53:07] [INFO] Connessione al database stabilita con successo
[2025-09-22 20:53:08] [INFO] Connessione al database stabilita con successo
[2025-09-22 20:53:08] [INFO] Connessione al database stabilita con successo
[2025-09-22 20:53:08] [INFO] Connessione al database stabilita con successo
[2025-09-22 20:53:08] [INFO] Connessione al database stabilita con successo
[2025-09-22 20:53:08] [INFO] Connessione al database stabilita con successo
[2025-09-22 20:53:08] [INFO] Connessione al database stabilita con successo
[2025-09-22 20:53:08] [INFO] Connessione al database stabilita con successo
[2025-09-22 20:53:08] [INFO] Connessione al database stabilita con successo
[2025-09-22 20:53:08] [INFO] Connessione al database stabilita con successo
[2025-09-22 20:53:08] [INFO] Connessione al database stabilita con successo
[2025-09-22 20:53:08] [INFO] Connessione al database stabilita con successo
[2025-09-22 20:53:08] [INFO] Connessione al database stabilita con successo
[2025-09-22 20:53:08] [INFO] Connessione al database stabilita con successo
[2025-09-22 20:53:08] [INFO] Connessione al database stabilita con successo
[2025-09-22 20:53:08] [INFO] Connessione al database stabilita con successo
[2025-09-22 20:53:08] [INFO] Connessione al database stabilita con successo
[2025-09-22 20:53:08] [INFO] Connessione al database stabilita con successo
[2025-09-22 20:53:08] [INFO] Connessione al database stabilita con successo
[2025-09-22 20:53:08] [INFO] Connessione al database stabilita con successo
[2025-09-22 20:53:08] [INFO] Connessione al database stabilita con successo
[2025-09-22 20:53:13] [INFO] Connessione al database stabilita con successo
[2025-09-22 20:53:13] [INFO] Connessione al database stabilita con successo
[2025-09-22 20:53:13] [INFO] Connessione al database stabilita con successo
[2025-09-22 20:53:13] [INFO] Connessione al database stabilita con successo
[2025-09-22 20:53:13] [INFO] Connessione al database stabilita con successo
[2025-09-22 20:53:13] [INFO] Connessione al database stabilita con successo
[2025-09-22 20:53:13] [INFO] Connessione al database stabilita con successo
[2025-09-22 20:53:13] [INFO] Connessione al database stabilita con successo
[2025-09-22 20:53:13] [INFO] Connessione al database stabilita con successo
[2025-09-22 20:53:13] [INFO] Connessione al database stabilita con successo
[2025-09-22 20:53:13] [INFO] Connessione al database stabilita con successo
[2025-09-22 20:53:13] [INFO] Connessione al database stabilita con successo
[2025-09-22 20:53:13] [INFO] Connessione al database stabilita con successo
[2025-09-22 20:53:13] [INFO] Connessione al database stabilita con successo
[2025-09-22 20:53:13] [INFO] Connessione al database stabilita con successo
[2025-09-22 20:53:13] [INFO] Connessione al database stabilita con successo
[2025-09-22 20:53:13] [INFO] Connessione al database stabilita con successo
[2025-09-22 20:53:13] [INFO] Connessione al database stabilita con successo
[2025-09-22 20:53:13] [INFO] Connessione al database stabilita con successo
[2025-09-22 20:53:13] [INFO] Connessione al database stabilita con successo
[2025-09-22 20:53:13] [INFO] Connessione al database stabilita con successo
[2025-09-22 20:53:13] [INFO] Connessione al database stabilita con successo
[2025-09-22 20:53:13] [INFO] Connessione al database stabilita con successo
[2025-09-22 20:53:13] [INFO] Connessione al database stabilita con successo
[2025-09-22 20:53:13] [INFO] Connessione al database stabilita con successo
[2025-09-22 20:53:13] [INFO] Connessione al database stabilita con successo
[2025-09-22 20:53:13] [INFO] Connessione al database stabilita con successo
[2025-09-22 20:53:13] [INFO] Connessione al database stabilita con successo
[2025-09-22 20:53:13] [INFO] Connessione al database stabilita con successo
[2025-09-22 20:53:13] [INFO] Connessione al database stabilita con successo
[2025-09-22 20:53:13] [INFO] Connessione al database stabilita con successo
[2025-09-22 20:53:13] [INFO] Connessione al database stabilita con successo
[2025-09-22 20:53:13] [INFO] Connessione al database stabilita con successo
[2025-09-22 20:53:13] [INFO] Connessione al database stabilita con successo
[2025-09-22 20:53:13] [INFO] Connessione al database stabilita con successo
[2025-09-22 20:53:13] [INFO] Connessione al database stabilita con successo
[2025-09-22 20:53:13] [INFO] Connessione al database stabilita con successo
[2025-09-22 20:53:13] [INFO] Connessione al database stabilita con successo
[2025-09-22 20:53:13] [INFO] Connessione al database stabilita con successo
[2025-09-22 20:53:43] [INFO] Connessione al database stabilita con successo
[2025-09-22 20:53:43] [INFO] Connessione al database stabilita con successo
[2025-09-22 20:53:43] [INFO] Connessione al database stabilita con successo
[2025-09-22 20:53:43] [INFO] Connessione al database stabilita con successo
[2025-09-22 20:53:43] [INFO] Connessione al database stabilita con successo
[2025-09-22 20:53:43] [INFO] Connessione al database stabilita con successo
[2025-09-22 20:53:43] [INFO] Connessione al database stabilita con successo
[2025-09-22 20:53:43] [INFO] Connessione al database stabilita con successo
[2025-09-22 20:53:44] [INFO] Connessione al database stabilita con successo
[2025-09-22 20:53:44] [INFO] Connessione al database stabilita con successo
[2025-09-22 20:53:44] [INFO] Connessione al database stabilita con successo
[2025-09-22 20:53:44] [INFO] Connessione al database stabilita con successo
[2025-09-22 20:53:44] [INFO] Connessione al database stabilita con successo
[2025-09-22 20:53:44] [INFO] Connessione al database stabilita con successo
[2025-09-22 20:53:44] [INFO] Connessione al database stabilita con successo
[2025-09-22 20:53:44] [INFO] Connessione al database stabilita con successo
[2025-09-22 20:53:44] [INFO] Connessione al database stabilita con successo
[2025-09-22 20:53:44] [INFO] Connessione al database stabilita con successo
[2025-09-22 20:53:44] [INFO] Connessione al database stabilita con successo
[2025-09-22 20:53:44] [INFO] Connessione al database stabilita con successo
[2025-09-22 21:06:21] [INFO] Connessione al database stabilita con successo
[2025-09-22 21:08:27] [INFO] Connessione al database stabilita con successo
[2025-09-22 21:08:37] [INFO] Connessione al database stabilita con successo
[2025-09-22 21:12:06] [INFO] Connessione al database stabilita con successo
[2025-09-22 21:12:11] [INFO] Connessione al database stabilita con successo
[2025-09-23 06:25:51] [INFO] Connessione al database stabilita con successo
[2025-09-23 06:25:55] [INFO] Connessione al database stabilita con successo
[2025-09-30 17:58:37] [ERROR] Errore query: SQLSTATE[42S22]: Column not found: 1054 Unknown column 'first_name' in 'field list' - SQL: INSERT INTO `users` (`first_name`, `last_name`, `email`, `password_hash`, `role`, `tenant_id`, `status`, `password_reset_token`, `password_reset_expires`, `first_login`, `created_at`) VALUES (:first_name, :last_name, :email, :password_hash, :role, :tenant_id, :status, :password_reset_token, :password_reset_expires, :first_login, :created_at)
[2025-09-30 17:58:37] [ERROR] Errore insert in users: Errore durante l'operazione sul database
[2025-09-30 18:19:50] [ERROR] Errore query: SQLSTATE[42S22]: Column not found: 1054 Unknown column 'first_name' in 'field list' - SQL: INSERT INTO `users` (`first_name`, `last_name`, `email`, `password_hash`, `role`, `tenant_id`, `status`, `password_reset_token`, `password_reset_expires`, `first_login`, `created_at`) VALUES (:first_name, :last_name, :email, :password_hash, :role, :tenant_id, :status, :password_reset_token, :password_reset_expires, :first_login, :created_at)
[2025-09-30 18:19:50] [ERROR] Errore insert in users: Errore durante l'operazione sul database
[2025-09-30 18:27:00] [ERROR] Errore query: SQLSTATE[42S02]: Base table or view not found: 1146 Table 'collaboranexio.user_companies' doesn't exist - SQL: SELECT 1 FROM user_companies LIMIT 1
[2025-09-30 18:27:00] [ERROR] Errore query: SQLSTATE[HY000]: General error: 1005 Can't create table `collaboranexio`.`user_companies` (errno: 150 "Foreign key constraint is incorrectly formed") - SQL: CREATE TABLE user_companies (
            id INT AUTO_INCREMENT PRIMARY KEY,
            user_id INT NOT NULL,
            company_id INT NOT NULL,
            created_at TIMESTAMP DEFAULT CURRENT_TIMESTAMP,
            UNIQUE KEY unique_user_company (user_id, company_id),
            FOREIGN KEY (user_id) REFERENCES users(id) ON DELETE CASCADE,
            FOREIGN KEY (company_id) REFERENCES tenants(id) ON DELETE CASCADE
        ) ENGINE=InnoDB DEFAULT CHARSET=utf8mb4 COLLATE=utf8mb4_unicode_ci
[2025-09-30 18:27:00] [ERROR] Errore query: SQLSTATE[42S22]: Column not found: 1054 Unknown column 'first_name' in 'field list' - SQL: INSERT INTO `users` (`first_name`, `last_name`, `email`, `password_hash`, `role`, `tenant_id`, `status`, `password_reset_token`, `password_reset_expires`, `first_login`, `created_at`) VALUES (:first_name, :last_name, :email, :password_hash, :role, :tenant_id, :status, :password_reset_token, :password_reset_expires, :first_login, :created_at)
[2025-09-30 18:27:00] [ERROR] Errore insert in users: Errore database: SQLSTATE[42S22]: Column not found: 1054 Unknown column 'first_name' in 'field list'
[2025-10-07 13:06:22] [ERROR] Errore query: SQLSTATE[42S22]: Column not found: 1054 Unknown column 'u.first_name' in 'field list' - SQL: 
        SELECT
            t.id,
            t.denominazione,
            t.partita_iva,
            t.codice_fiscale,
            t.status,
            t.settore_merceologico,
            t.numero_dipendenti,
            t.telefono,
            t.email,
            t.sede_legale_comune,
            t.sede_legale_provincia,
            t.manager_id,
            CONCAT(u.first_name, ' ', u.last_name) as manager_name,
            t.created_at,
            t.updated_at
        FROM tenants t
        LEFT JOIN users u ON t.manager_id = u.id AND u.deleted_at IS NULL
        WHERE 1=1
     ORDER BY t.denominazione ASC
[2025-10-07 13:06:22] [ERROR] Errore fetchAll: Errore durante l'operazione sul database
[2025-10-07 13:36:43] [ERROR] Errore query: SQLSTATE[42S22]: Column not found: 1054 Unknown column 'u.first_name' in 'field list' - SQL: 
        SELECT
            t.id,
            t.denominazione,
            t.partita_iva,
            t.codice_fiscale,
            t.status,
            t.settore_merceologico,
            t.numero_dipendenti,
            t.telefono,
            t.email,
            t.sede_legale_comune,
            t.sede_legale_provincia,
            t.manager_id,
            CONCAT(u.first_name, ' ', u.last_name) as manager_name,
            t.created_at,
            t.updated_at
        FROM tenants t
        LEFT JOIN users u ON t.manager_id = u.id AND u.deleted_at IS NULL
        WHERE 1=1
     ORDER BY t.denominazione ASC
[2025-10-07 13:36:43] [ERROR] Errore fetchAll: Errore database: SQLSTATE[42S22]: Column not found: 1054 Unknown column 'u.first_name' in 'field list'
[2025-10-07 17:00:11] [ERROR] Errore query: SQLSTATE[42S22]: Column not found: 1054 Unknown column 'is_active' in 'field list' - SQL: SELECT id, name, domain, is_active FROM tenants WHERE id = 2
[2025-10-07 17:00:11] [ERROR] Errore fetchOne: Errore database: SQLSTATE[42S22]: Column not found: 1054 Unknown column 'is_active' in 'field list'
[2025-10-07 17:24:05] [ERROR] Errore query: SQLSTATE[42S22]: Column not found: 1054 Unknown column 'resource_type' in 'field list' - SQL: INSERT INTO `audit_logs` (`tenant_id`, `user_id`, `action`, `resource_type`, `resource_id`, `old_values`, `ip_address`, `user_agent`) VALUES (:tenant_id, :user_id, :action, :resource_type, :resource_id, :old_values, :ip_address, :user_agent)
[2025-10-07 17:24:05] [ERROR] Errore insert in audit_logs: Errore database: SQLSTATE[42S22]: Column not found: 1054 Unknown column 'resource_type' in 'field list'
[2025-10-07 17:59:11] [ERROR] Errore query: SQLSTATE[23000]: Integrity constraint violation: 1062 Duplicate entry '5-sede_operativa-0' for key 'uk_tenant_primary_sede_legale' - SQL: INSERT INTO `tenant_locations` (`tenant_id`, `location_type`, `indirizzo`, `civico`, `cap`, `comune`, `provincia`, `telefono`, `email`, `is_primary`, `is_active`) VALUES (:tenant_id, :location_type, :indirizzo, :civico, :cap, :comune, :provincia, :telefono, :email, :is_primary, :is_active)
[2025-10-07 17:59:11] [ERROR] Errore insert in tenant_locations: Errore database: SQLSTATE[23000]: Integrity constraint violation: 1062 Duplicate entry '5-sede_operativa-0' for key 'uk_tenant_primary_sede_legale'
[2025-10-08 06:00:00] [ERROR] Errore query: SQLSTATE[23000]: Integrity constraint violation: 1048 Column 'tenant_id' cannot be null - SQL: INSERT INTO `audit_logs` (`tenant_id`, `user_id`, `action`, `entity_type`, `entity_id`, `old_values`, `ip_address`, `user_agent`) VALUES (:tenant_id, :user_id, :action, :entity_type, :entity_id, :old_values, :ip_address, :user_agent)
[2025-10-08 06:00:00] [ERROR] Errore insert in audit_logs: Errore database: SQLSTATE[23000]: Integrity constraint violation: 1048 Column 'tenant_id' cannot be null
