
[12-Oct-2025 18:44:23 Europe/Rome] Session initialized - Host: localhost:8888, Domain: , Secure: false, Timeout: 600s
[12-Oct-2025 18:44:23 Europe/Rome] Session initialized - Host: localhost:8888, Domain: , Secure: false, Timeout: 600s
[12-Oct-2025 18:45:23 Europe/Rome] Session initialized - Host: localhost:8888, Domain: , Secure: false, Timeout: 600s
[12-Oct-2025 18:45:23 Europe/Rome] Session initialized - Host: localhost:8888, Domain: , Secure: false, Timeout: 600s
[12-Oct-2025 18:46:23 Europe/Rome] Session initialized - Host: localhost:8888, Domain: , Secure: false, Timeout: 600s
[12-Oct-2025 18:46:23 Europe/Rome] Session initialized - Host: localhost:8888, Domain: , Secure: false, Timeout: 600s
[12-Oct-2025 18:47:23 Europe/Rome] Session initialized - Host: localhost:8888, Domain: , Secure: false, Timeout: 600s
[12-Oct-2025 18:47:23 Europe/Rome] Session initialized - Host: localhost:8888, Domain: , Secure: false, Timeout: 600s
[12-Oct-2025 18:48:23 Europe/Rome] Session initialized - Host: localhost:8888, Domain: , Secure: false, Timeout: 600s
[12-Oct-2025 18:48:23 Europe/Rome] Session initialized - Host: localhost:8888, Domain: , Secure: false, Timeout: 600s
[12-Oct-2025 18:49:23 Europe/Rome] Session initialized - Host: localhost:8888, Domain: , Secure: false, Timeout: 600s
[12-Oct-2025 18:49:23 Europe/Rome] Session initialized - Host: localhost:8888, Domain: , Secure: false, Timeout: 600s
[12-Oct-2025 18:50:23 Europe/Rome] Session initialized - Host: localhost:8888, Domain: , Secure: false, Timeout: 600s
[12-Oct-2025 18:50:23 Europe/Rome] Session initialized - Host: localhost:8888, Domain: , Secure: false, Timeout: 600s
[12-Oct-2025 18:51:23 Europe/Rome] Session initialized - Host: localhost:8888, Domain: , Secure: false, Timeout: 600s
[12-Oct-2025 18:51:23 Europe/Rome] Session initialized - Host: localhost:8888, Domain: , Secure: false, Timeout: 600s
[12-Oct-2025 18:52:23 Europe/Rome] Session initialized - Host: localhost:8888, Domain: , Secure: false, Timeout: 600s
[12-Oct-2025 18:52:23 Europe/Rome] Session initialized - Host: localhost:8888, Domain: , Secure: false, Timeout: 600s
[12-Oct-2025 18:53:23 Europe/Rome] Session initialized - Host: localhost:8888, Domain: , Secure: false, Timeout: 600s
[12-Oct-2025 18:53:23 Europe/Rome] Session initialized - Host: localhost:8888, Domain: , Secure: false, Timeout: 600s
[12-Oct-2025 18:54:23 Europe/Rome] Session initialized - Host: localhost:8888, Domain: , Secure: false, Timeout: 600s
[12-Oct-2025 18:54:23 Europe/Rome] Session initialized - Host: localhost:8888, Domain: , Secure: false, Timeout: 600s
[12-Oct-2025 18:55:23 Europe/Rome] Session initialized - Host: localhost:8888, Domain: , Secure: false, Timeout: 600s
[12-Oct-2025 18:55:23 Europe/Rome] Session initialized - Host: localhost:8888, Domain: , Secure: false, Timeout: 600s
[12-Oct-2025 18:56:23 Europe/Rome] Session initialized - Host: localhost:8888, Domain: , Secure: false, Timeout: 600s
[12-Oct-2025 18:56:23 Europe/Rome] Session initialized - Host: localhost:8888, Domain: , Secure: false, Timeout: 600s
[12-Oct-2025 18:57:23 Europe/Rome] Session initialized - Host: localhost:8888, Domain: , Secure: false, Timeout: 600s
[12-Oct-2025 18:57:23 Europe/Rome] Session initialized - Host: localhost:8888, Domain: , Secure: false, Timeout: 600s
[12-Oct-2025 18:58:23 Europe/Rome] Session initialized - Host: localhost:8888, Domain: , Secure: false, Timeout: 600s
[12-Oct-2025 18:58:23 Europe/Rome] Session initialized - Host: localhost:8888, Domain: , Secure: false, Timeout: 600s
[12-Oct-2025 18:59:23 Europe/Rome] Session initialized - Host: localhost:8888, Domain: , Secure: false, Timeout: 600s
[12-Oct-2025 18:59:23 Europe/Rome] Session initialized - Host: localhost:8888, Domain: , Secure: false, Timeout: 600s
[12-Oct-2025 19:00:23 Europe/Rome] Session initialized - Host: localhost:8888, Domain: , Secure: false, Timeout: 600s
[12-Oct-2025 19:00:23 Europe/Rome] Session initialized - Host: localhost:8888, Domain: , Secure: false, Timeout: 600s
[12-Oct-2025 19:01:23 Europe/Rome] Session initialized - Host: localhost:8888, Domain: , Secure: false, Timeout: 600s
[12-Oct-2025 19:01:23 Europe/Rome] Session initialized - Host: localhost:8888, Domain: , Secure: false, Timeout: 600s
[12-Oct-2025 19:02:23 Europe/Rome] Session initialized - Host: localhost:8888, Domain: , Secure: false, Timeout: 600s
[12-Oct-2025 19:02:23 Europe/Rome] Session initialized - Host: localhost:8888, Domain: , Secure: false, Timeout: 600s
[12-Oct-2025 19:03:23 Europe/Rome] Session initialized - Host: localhost:8888, Domain: , Secure: false, Timeout: 600s
[12-Oct-2025 19:03:23 Europe/Rome] Session initialized - Host: localhost:8888, Domain: , Secure: false, Timeout: 600s
[12-Oct-2025 19:04:23 Europe/Rome] Session initialized - Host: localhost:8888, Domain: , Secure: false, Timeout: 600s
[12-Oct-2025 19:04:23 Europe/Rome] Session initialized - Host: localhost:8888, Domain: , Secure: false, Timeout: 600s
[12-Oct-2025 19:05:23 Europe/Rome] Session initialized - Host: localhost:8888, Domain: , Secure: false, Timeout: 600s
[12-Oct-2025 19:05:23 Europe/Rome] Session initialized - Host: localhost:8888, Domain: , Secure: false, Timeout: 600s
[12-Oct-2025 19:06:23 Europe/Rome] Session initialized - Host: localhost:8888, Domain: , Secure: false, Timeout: 600s
[12-Oct-2025 19:06:23 Europe/Rome] Session initialized - Host: localhost:8888, Domain: , Secure: false, Timeout: 600s
[12-Oct-2025 19:07:23 Europe/Rome] Session initialized - Host: localhost:8888, Domain: , Secure: false, Timeout: 600s
[12-Oct-2025 19:07:23 Europe/Rome] Session initialized - Host: localhost:8888, Domain: , Secure: false, Timeout: 600s
[12-Oct-2025 19:08:23 Europe/Rome] Session initialized - Host: localhost:8888, Domain: , Secure: false, Timeout: 600s
[12-Oct-2025 19:08:23 Europe/Rome] Session initialized - Host: localhost:8888, Domain: , Secure: false, Timeout: 600s
[12-Oct-2025 19:09:23 Europe/Rome] Session initialized - Host: localhost:8888, Domain: , Secure: false, Timeout: 600s
[12-Oct-2025 19:09:23 Europe/Rome] Session initialized - Host: localhost:8888, Domain: , Secure: false, Timeout: 600s
[12-Oct-2025 19:10:23 Europe/Rome] Session initialized - Host: localhost:8888, Domain: , Secure: false, Timeout: 600s
[12-Oct-2025 19:10:23 Europe/Rome] Session initialized - Host: localhost:8888, Domain: , Secure: false, Timeout: 600s
[12-Oct-2025 19:11:23 Europe/Rome] Session initialized - Host: localhost:8888, Domain: , Secure: false, Timeout: 600s
[12-Oct-2025 19:11:23 Europe/Rome] Session initialized - Host: localhost:8888, Domain: , Secure: false, Timeout: 600s
[12-Oct-2025 19:12:23 Europe/Rome] Session initialized - Host: localhost:8888, Domain: , Secure: false, Timeout: 600s
[12-Oct-2025 19:12:23 Europe/Rome] Session initialized - Host: localhost:8888, Domain: , Secure: false, Timeout: 600s
[12-Oct-2025 19:13:23 Europe/Rome] Session initialized - Host: localhost:8888, Domain: , Secure: false, Timeout: 600s
[12-Oct-2025 19:13:23 Europe/Rome] Session initialized - Host: localhost:8888, Domain: , Secure: false, Timeout: 600s
[12-Oct-2025 19:14:23 Europe/Rome] Session initialized - Host: localhost:8888, Domain: , Secure: false, Timeout: 600s
[12-Oct-2025 19:14:23 Europe/Rome] Session initialized - Host: localhost:8888, Domain: , Secure: false, Timeout: 600s
[12-Oct-2025 19:15:23 Europe/Rome] Session initialized - Host: localhost:8888, Domain: , Secure: false, Timeout: 600s
[12-Oct-2025 19:15:38 Europe/Rome] OnlyOffice Callback Raw Data: {"key":"file_43_v1_fe8d6c05fb1a","status":1,"users":["19"],"actions":[{"type":0,"userid":"19"}],"token":"eyJhbGciOiJIUzI1NiIsInR5cCI6IkpXVCJ9.eyJrZXkiOiJmaWxlXzQzX3YxX2ZlOGQ2YzA1ZmIxYSIsInN0YXR1cyI6MSwidXNlcnMiOlsiMTkiXSwiYWN0aW9ucyI6W3sidHlwZSI6MCwidXNlcmlkIjoiMTkifV0sImlhdCI6MTc2MDI4OTM0MSwiZXhwIjoxNzYwMjg5NjQxfQ._v4p_v_lOPLJ2qQS4tUkQjpB8OPWM7tB0qc1LTq8dh8"}
[12-Oct-2025 19:15:38 Europe/Rome] OnlyOffice Callback - Key: file_43_v1_fe8d6c05fb1a, Status: 1, Users: 19
[12-Oct-2025 19:15:38 Europe/Rome] Failed to log document audit: Errore durante l'inserimento del record
[12-Oct-2025 19:16:23 Europe/Rome] Session initialized - Host: localhost:8888, Domain: , Secure: false, Timeout: 600s
[12-Oct-2025 19:17:23 Europe/Rome] Session initialized - Host: localhost:8888, Domain: , Secure: false, Timeout: 600s
[12-Oct-2025 19:18:28 Europe/Rome] OnlyOffice Callback Raw Data: {"key":"file_43_v1_fe8d6c05fb1a","status":4,"actions":[{"type":0,"userid":"19"}],"token":"eyJhbGciOiJIUzI1NiIsInR5cCI6IkpXVCJ9.eyJrZXkiOiJmaWxlXzQzX3YxX2ZlOGQ2YzA1ZmIxYSIsInN0YXR1cyI6NCwiYWN0aW9ucyI6W3sidHlwZSI6MCwidXNlcmlkIjoiMTkifV0sImlhdCI6MTc2MDI4OTUxMCwiZXhwIjoxNzYwMjg5ODEwfQ.CwZdo39Ph-AtxEcC3xRAr4G3FcVaPn0j0EerkQSobdg"}
[12-Oct-2025 19:18:28 Europe/Rome] OnlyOffice Callback - Key: file_43_v1_fe8d6c05fb1a, Status: 4, Users: 
[12-Oct-2025 19:18:29 Europe/Rome] No active session found for key: file_43_v1_fe8d6c05fb1a
[13-Oct-2025 09:20:16 Europe/Rome] Session initialized - Host: localhost:8888, Domain: , Secure: false, Timeout: 600s
[13-Oct-2025 09:20:22 Europe/Rome] Session initialized - Host: localhost:8888, Domain: , Secure: false, Timeout: 600s
[13-Oct-2025 09:20:22 Europe/Rome] Session initialized - Host: localhost:8888, Domain: , Secure: false, Timeout: 600s
[13-Oct-2025 09:20:25 Europe/Rome] Session initialized - Host: localhost:8888, Domain: , Secure: false, Timeout: 600s
[13-Oct-2025 09:20:25 Europe/Rome] Session initialized - Host: localhost:8888, Domain: , Secure: false, Timeout: 600s
[13-Oct-2025 09:20:26 Europe/Rome] Session initialized - Host: localhost:8888, Domain: , Secure: false, Timeout: 600s
[13-Oct-2025 09:20:28 Europe/Rome] Session initialized - Host: localhost:8888, Domain: , Secure: false, Timeout: 600s
[13-Oct-2025 09:20:31 Europe/Rome] Session initialized - Host: localhost:8888, Domain: , Secure: false, Timeout: 600s
[13-Oct-2025 09:20:31 Europe/Rome] Session initialized - Host: localhost:8888, Domain: , Secure: false, Timeout: 600s
[13-Oct-2025 09:20:31 Europe/Rome] Session initialized - Host: localhost:8888, Domain: , Secure: false, Timeout: 600s
[13-Oct-2025 09:20:32 Europe/Rome] Session initialized - Host: localhost:8888, Domain: , Secure: false, Timeout: 600s
[13-Oct-2025 09:20:35 Europe/Rome] Session initialized - Host: localhost:8888, Domain: , Secure: false, Timeout: 600s
[13-Oct-2025 09:20:35 Europe/Rome] API CSRF Check - Token received: 7c9c01e156...
[13-Oct-2025 09:20:35 Europe/Rome] API CSRF Check - Session token: 7c9c01e156...
[13-Oct-2025 09:20:35 Europe/Rome] Error cleaning up sessions: Errore durante l'aggiornamento del record
[13-Oct-2025 09:20:35 Europe/Rome] === OnlyOffice Document Opening Debug ===
[13-Oct-2025 09:20:35 Europe/Rome] PRODUCTION_MODE: FALSE
[13-Oct-2025 09:20:35 Europe/Rome] BASE_URL: http://localhost:8888/CollaboraNexio
[13-Oct-2025 09:20:35 Europe/Rome] ONLYOFFICE_DOWNLOAD_URL constant: http://host.docker.internal:8888/CollaboraNexio/api/documents/download_for_editor.php
[13-Oct-2025 09:20:35 Europe/Rome] ONLYOFFICE_CALLBACK_URL constant: http://host.docker.internal:8888/CollaboraNexio/api/documents/save_document.php
[13-Oct-2025 09:20:35 Europe/Rome] Generated fileUrl: http://host.docker.internal:8888/CollaboraNexio/api/documents/download_for_editor.php?file_id=43&token=eyJ0eXAiOiJKV1QiLCJhbGciOiJIUzI1NiJ9.eyJmaWxlX2lkIjo0MywidXNlcl9pZCI6MTksInRlbmFudF9pZCI6MSwic2Vzc2lvbl90b2tlbiI6IjFmY2U0MWM1NGRiNmU5OWVlNGVhZDljY2M0M2IzYTVjYThjNzIwYzQyMDlhZmE0MDQzNzlmNTRlYzVlNmUxZGMiLCJwZXJtaXNzaW9ucyI6eyJkb3dubG9hZCI6dHJ1ZX0sImlhdCI6MTc2MDM0MDAzNSwiZXhwIjoxNzYwMzQzNjM1fQ.a8SGRu6kCL8JLSi5BvRShzFAVYfuWDcY5Djg9hgb8yE
[13-Oct-2025 09:20:35 Europe/Rome] Generated callbackUrl: http://host.docker.internal:8888/CollaboraNexio/api/documents/save_document.php?key=file_43_v1_fe8d6c05fb1a
[13-Oct-2025 09:20:35 Europe/Rome] File ID: 43
[13-Oct-2025 09:20:35 Europe/Rome] Document Key: file_43_v1_fe8d6c05fb1a
[13-Oct-2025 09:20:35 Europe/Rome] Mode: edit
[13-Oct-2025 09:20:35 Europe/Rome] Config being sent to OnlyOffice:
[13-Oct-2025 09:20:35 Europe/Rome] {
    "documentType": "word",
    "document": {
        "fileType": "docx",
        "key": "file_43_v1_fe8d6c05fb1a",
        "title": "12.docx",
        "url": "http:\/\/host.docker.internal:8888\/CollaboraNexio\/api\/documents\/download_for_editor.php?file_id=43&token=eyJ0eXAiOiJKV1QiLCJhbGciOiJIUzI1NiJ9.eyJmaWxlX2lkIjo0MywidXNlcl9pZCI6MTksInRlbmFudF9pZCI6MSwic2Vzc2lvbl90b2tlbiI6IjFmY2U0MWM1NGRiNmU5OWVlNGVhZDljY2M0M2IzYTVjYThjNzIwYzQyMDlhZmE0MDQzNzlmNTRlYzVlNmUxZGMiLCJwZXJtaXNzaW9ucyI6eyJkb3dubG9hZCI6dHJ1ZX0sImlhdCI6MTc2MDM0MDAzNSwiZXhwIjoxNzYwMzQzNjM1fQ.a8SGRu6kCL8JLSi5BvRShzFAVYfuWDcY5Djg9hgb8yE",
        "token": "eyJ0eXAiOiJKV1QiLCJhbGciOiJIUzI1NiJ9.eyJmaWxlX2lkIjo0MywidXNlcl9pZCI6MTksInRlbmFudF9pZCI6MSwic2Vzc2lvbl90b2tlbiI6IjFmY2U0MWM1NGRiNmU5OWVlNGVhZDljY2M0M2IzYTVjYThjNzIwYzQyMDlhZmE0MDQzNzlmNTRlYzVlNmUxZGMiLCJwZXJtaXNzaW9ucyI6eyJkb3dubG9hZCI6dHJ1ZX0sImlhdCI6MTc2MDM0MDAzNSwiZXhwIjoxNzYwMzQzNjM1fQ.a8SGRu6kCL8JLSi5BvRShzFAVYfuWDcY5Djg9hgb8yE",
        "info": {
            "author": "Antonio Silvestro Amodeo",
            "created": "2025-10-12 15:30:23",
            "folder": "Tenant: Demo Company"
        },
        "permissions": {
            "comment": true,
            "download": true,
            "edit": true,
            "fillForms": true,
            "modifyContentControl": true,
            "modifyFilter": true,
            "print": true,
            "review": true
        }
    },
    "editorConfig": {
        "mode": "edit",
        "lang": "it",
        "region": "it-IT",
        "user": {
            "id": "19",
            "name": "Antonio Silvestro Amodeo",
            "email": "asamodeo@fortibyte.it"
        },
        "customization": {
            "customer": {
                "address": "Italia",
                "info": "CollaboraNexio - Sistema di gestione documentale",
                "logo": "http:\/\/localhost:8888\/CollaboraNexio\/assets\/images\/logo-nexio.webp",
                "mail": "support@nexiosolution.it",
                "name": "CollaboraNexio",
                "www": "https:\/\/app.nexiosolution.it"
            },
            "feedback": {
                "visible": false,
                "0": false
            },
            "forcesave": [
                true,
                true
            ],
            "goback": {
                "url": "http:\/\/localhost:8888\/CollaboraNexio\/files.php"
            },
            "logo": {
                "image": "http:\/\/localhost:8888\/CollaboraNexio\/assets\/images\/logo-nexio.webp",
                "imageEmbedded": "http:\/\/localhost:8888\/CollaboraNexio\/assets\/images\/logo-nexio.webp",
                "url": "http:\/\/localhost:8888\/CollaboraNexio"
            },
            "autosave": true,
            "comments": true,
            "compactHeader": false,
            "compactToolbar": false,
            "help": true,
            "hideRightMenu": false,
            "spellcheck": true,
            "toolbarNoTabs": false,
            "unit": "cm",
            "zoom": 100
        },
        "callbackUrl": "http:\/\/host.docker.internal:8888\/CollaboraNexio\/api\/documents\/save_document.php?key=file_43_v1_fe8d6c05fb1a",
        "coEditing": {
            "mode": "fast",
            "change": true
        },
        "review": {
            "reviewDisplay": "original",
            "trackChanges": true,
            "hoverMode": false
        }
    }
}
[13-Oct-2025 09:20:35 Europe/Rome] === End OnlyOffice Debug ===
[13-Oct-2025 09:20:35 Europe/Rome] Failed to log document audit: Errore durante l'inserimento del record
[13-Oct-2025 09:20:35 Europe/Rome] OnlyOffice Callback Raw Data: {"key":"file_43_v1_fe8d6c05fb1a","status":1,"users":["19"],"actions":[{"type":1,"userid":"19"}],"token":"eyJhbGciOiJIUzI1NiIsInR5cCI6IkpXVCJ9.eyJrZXkiOiJmaWxlXzQzX3YxX2ZlOGQ2YzA1ZmIxYSIsInN0YXR1cyI6MSwidXNlcnMiOlsiMTkiXSwiYWN0aW9ucyI6W3sidHlwZSI6MSwidXNlcmlkIjoiMTkifV0sImlhdCI6MTc2MDM0MDAzNSwiZXhwIjoxNzYwMzQwMzM1fQ.YdJkXJme8dUwKokbP4WmAJRMO8JWlysr641FJ58jlsc"}
[13-Oct-2025 09:20:35 Europe/Rome] OnlyOffice Callback - Key: file_43_v1_fe8d6c05fb1a, Status: 1, Users: 19
[13-Oct-2025 09:20:35 Europe/Rome] Failed to log document audit: Errore durante l'inserimento del record
[13-Oct-2025 09:20:35 Europe/Rome] === OnlyOffice Download Request ===
[13-Oct-2025 09:20:35 Europe/Rome] Request URI: /CollaboraNexio/api/documents/download_for_editor.php?file_id=43&token=eyJ0eXAiOiJKV1QiLCJhbGciOiJIUzI1NiJ9.eyJmaWxlX2lkIjo0MywidXNlcl9pZCI6MTksInRlbmFudF9pZCI6MSwic2Vzc2lvbl90b2tlbiI6IjFmY2U0MWM1NGRiNmU5OWVlNGVhZDljY2M0M2IzYTVjYThjNzIwYzQyMDlhZmE0MDQzNzlmNTRlYzVlNmUxZGMiLCJwZXJtaXNzaW9ucyI6eyJkb3dubG9hZCI6dHJ1ZX0sImlhdCI6MTc2MDM0MDAzNSwiZXhwIjoxNzYwMzQzNjM1fQ.a8SGRu6kCL8JLSi5BvRShzFAVYfuWDcY5Djg9hgb8yE
[13-Oct-2025 09:20:35 Europe/Rome] Remote Address: 127.0.0.1
[13-Oct-2025 09:20:35 Europe/Rome] User Agent: Node.js/6.13
[13-Oct-2025 09:20:35 Europe/Rome] PRODUCTION_MODE: FALSE
[13-Oct-2025 09:20:35 Europe/Rome] ONLYOFFICE_DOWNLOAD_URL constant: http://host.docker.internal:8888/CollaboraNexio/api/documents/download_for_editor.php
[13-Oct-2025 09:20:35 Europe/Rome] File ID: 43
[13-Oct-2025 09:20:35 Europe/Rome] Token source: QUERY_PARAM
[13-Oct-2025 09:20:35 Europe/Rome] Token present: YES
[13-Oct-2025 09:20:35 Europe/Rome] Token preview: eyJ0eXAiOiJKV1QiLCJhbGciOiJIUzI1NiJ9.eyJmaWxlX2lkI...
[13-Oct-2025 09:20:35 Europe/Rome] Physical file not found: C:\xampp\htdocs\CollaboraNexio/uploads/1/uploads/1/12.docx
[13-Oct-2025 09:20:36 Europe/Rome] === OnlyOffice Download Request ===
[13-Oct-2025 09:20:36 Europe/Rome] Request URI: /CollaboraNexio/api/documents/download_for_editor.php?file_id=43&token=eyJ0eXAiOiJKV1QiLCJhbGciOiJIUzI1NiJ9.eyJmaWxlX2lkIjo0MywidXNlcl9pZCI6MTksInRlbmFudF9pZCI6MSwic2Vzc2lvbl90b2tlbiI6IjFmY2U0MWM1NGRiNmU5OWVlNGVhZDljY2M0M2IzYTVjYThjNzIwYzQyMDlhZmE0MDQzNzlmNTRlYzVlNmUxZGMiLCJwZXJtaXNzaW9ucyI6eyJkb3dubG9hZCI6dHJ1ZX0sImlhdCI6MTc2MDM0MDAzNSwiZXhwIjoxNzYwMzQzNjM1fQ.a8SGRu6kCL8JLSi5BvRShzFAVYfuWDcY5Djg9hgb8yE
[13-Oct-2025 09:20:36 Europe/Rome] Remote Address: 127.0.0.1
[13-Oct-2025 09:20:36 Europe/Rome] User Agent: Node.js/6.13
[13-Oct-2025 09:20:36 Europe/Rome] PRODUCTION_MODE: FALSE
[13-Oct-2025 09:20:36 Europe/Rome] ONLYOFFICE_DOWNLOAD_URL constant: http://host.docker.internal:8888/CollaboraNexio/api/documents/download_for_editor.php
[13-Oct-2025 09:20:36 Europe/Rome] File ID: 43
[13-Oct-2025 09:20:36 Europe/Rome] Token source: QUERY_PARAM
[13-Oct-2025 09:20:36 Europe/Rome] Token present: YES
[13-Oct-2025 09:20:36 Europe/Rome] Token preview: eyJ0eXAiOiJKV1QiLCJhbGciOiJIUzI1NiJ9.eyJmaWxlX2lkI...
[13-Oct-2025 09:20:36 Europe/Rome] Physical file not found: C:\xampp\htdocs\CollaboraNexio/uploads/1/uploads/1/12.docx
[13-Oct-2025 09:20:37 Europe/Rome] === OnlyOffice Download Request ===
[13-Oct-2025 09:20:37 Europe/Rome] Request URI: /CollaboraNexio/api/documents/download_for_editor.php?file_id=43&token=eyJ0eXAiOiJKV1QiLCJhbGciOiJIUzI1NiJ9.eyJmaWxlX2lkIjo0MywidXNlcl9pZCI6MTksInRlbmFudF9pZCI6MSwic2Vzc2lvbl90b2tlbiI6IjFmY2U0MWM1NGRiNmU5OWVlNGVhZDljY2M0M2IzYTVjYThjNzIwYzQyMDlhZmE0MDQzNzlmNTRlYzVlNmUxZGMiLCJwZXJtaXNzaW9ucyI6eyJkb3dubG9hZCI6dHJ1ZX0sImlhdCI6MTc2MDM0MDAzNSwiZXhwIjoxNzYwMzQzNjM1fQ.a8SGRu6kCL8JLSi5BvRShzFAVYfuWDcY5Djg9hgb8yE
[13-Oct-2025 09:20:37 Europe/Rome] Remote Address: 127.0.0.1
[13-Oct-2025 09:20:37 Europe/Rome] User Agent: Node.js/6.13
[13-Oct-2025 09:20:37 Europe/Rome] PRODUCTION_MODE: FALSE
[13-Oct-2025 09:20:37 Europe/Rome] ONLYOFFICE_DOWNLOAD_URL constant: http://host.docker.internal:8888/CollaboraNexio/api/documents/download_for_editor.php
[13-Oct-2025 09:20:37 Europe/Rome] File ID: 43
[13-Oct-2025 09:20:37 Europe/Rome] Token source: QUERY_PARAM
[13-Oct-2025 09:20:37 Europe/Rome] Token present: YES
[13-Oct-2025 09:20:37 Europe/Rome] Token preview: eyJ0eXAiOiJKV1QiLCJhbGciOiJIUzI1NiJ9.eyJmaWxlX2lkI...
[13-Oct-2025 09:20:37 Europe/Rome] Physical file not found: C:\xampp\htdocs\CollaboraNexio/uploads/1/uploads/1/12.docx
